[19:19:33] Log Session Open
[19:19:33] LaunchPad version v1.75
[19:19:33] Command Line: "C:\Program Files\Sony\Station\LaunchPad\LaunchPad.exe" 
[19:19:33] ---------------------------------------
[19:19:33] System Date is: 12/08/2008 07:19:33pm
[19:19:33] 
[19:19:33] 
[19:19:33] LaunchPad Checksum: 1450514731, Location: C:\Program Files\Sony\Station\LaunchPad\LaunchPad.exe
[19:19:33] ---------------------------------------
[19:19:33] CommandLine (m): 
[19:19:33] RootDir (m): C:\Program Files\Sony\Station\LaunchPad
[19:19:33] cwd (m): C:\Program Files\Sony\Station\LaunchPad
[19:19:33] Checking if current user is Admin or Power User
[19:19:33] Loading internet type
[19:19:33] Initializing Self-Patcher
[19:19:33] Patcher: Checking Old Handles...
[19:19:33] Patcher: Creating Thread...
[19:19:33] Patcher: Done with Thread Creation Routine...
[19:19:33] Patcher: Thread Start
[19:19:33] Patcher: Memory Download Internet Type 3 Begin...
[19:19:43] Patcher: Memory Download of XML Operation Complete.
[19:19:43] Patcher: Verifying Download...
[19:19:43] Patcher: Checking Memory, size of buffer is 471332
[19:19:43] Patcher: Memory Verification Start...
[19:19:43] Patcher: m_xmlInfo is a valid pointer
[19:19:43] Patcher: Memory Download Internet Type 3 Successful.
[19:19:43] Patcher: Memory Download Successful.
[19:19:43] Patcher: Contents valid; Continuing Initialization...
[19:19:43] Patcher: m_xmlInfo is a valid pointer
[19:19:43] Patcher: Checking XML for Product...
[19:19:43] Patcher: Checking XML for Root Paths...
[19:19:46] Patcher: Thread Finish
[19:19:46] Patcher initialized, initiating self-patch...
[19:19:46] Scanning Files...
[19:19:46] Patcher: Checking File: Skins\default\station_images\mini-map.png
[19:19:46] Patcher: --- Refreshing cache for file.
[19:19:46] Patcher: Checking File: Skins\default\station_images\popup-fg.png
[19:19:46] Patcher: --- Refreshing cache for file.
[19:19:46] Patcher: Checking File: Skins\default\station_images\icon.png
[19:19:46] Patcher: --- Refreshing cache for file.
[19:19:46] Patcher: Checking File: Skins\default\station_images\textentry-map.png
[19:19:46] Patcher: --- Refreshing cache for file.
[19:19:46] Patcher: Checking File: Skins\default\station_images\im-top-tile.png
[19:19:46] Patcher: --- Refreshing cache for file.
[19:19:46] Patcher: Checking File: Skins\default\station_images\popup_puck.png
[19:19:46] Patcher: --- Refreshing cache for file.
[19:19:46] Patcher: Checking File: Skins\default\station_images\popup-selected.png
[19:19:46] Patcher: --- Refreshing cache for file.
[19:19:46] Patcher: Checking File: Skins\default\station_images\popup-map.png
[19:19:46] Patcher: --- Refreshing cache for file.
[19:19:46] Patcher: Checking File: Skins\default\station_images\popup-hover.png
[19:19:46] Patcher: --- Refreshing cache for file.
[19:19:46] Patcher: Checking File: Skins\default\station_images\popup-bg.png
[19:19:46] Patcher: --- Refreshing cache for file.
[19:19:46] Patcher: Checking File: Skins\default\station_images\patcher-progress.png
[19:19:46] Patcher: --- Refreshing cache for file.
[19:19:46] Patcher: Checking File: Skins\default\station_images\patcher-map.png
[19:19:46] Patcher: --- Refreshing cache for file.
[19:19:46] Patcher: Checking File: Skins\default\station_images\mini-selected.png
[19:19:46] Patcher: --- Refreshing cache for file.
[19:19:46] Patcher: Checking File: Skins\default\station_images\mini-hover.png
[19:19:46] Patcher: --- Refreshing cache for file.
[19:19:46] Patcher: Checking File: Skins\default\station_images\mini-bg.png
[19:19:46] Patcher: --- Refreshing cache for file.
[19:19:46] Patcher: Checking File: Skins\default\station_images\message-map.png
[19:19:46] Patcher: --- Refreshing cache for file.
[19:19:46] Patcher: Checking File: Skins\default\station_images\message-bg.png
[19:19:46] Patcher: --- Refreshing cache for file.
[19:19:46] Patcher: Checking File: Skins\default\station_images\main-selected.png
[19:19:46] Patcher: --- Refreshing cache for file.
[19:19:46] Patcher: Checking File: Skins\default\station_images\main-map.png
[19:19:46] Patcher: --- Refreshing cache for file.
[19:19:46] Patcher: Checking File: Skins\default\station_images\main-hover.png
[19:19:46] Patcher: --- Refreshing cache for file.
[19:19:47] Patcher: Checking File: Skins\default\station_images\main-bg.png
[19:19:47] Patcher: --- Refreshing cache for file.
[19:19:47] Patcher: Checking File: Skins\default\station_images\login-selected.png
[19:19:47] Patcher: --- Refreshing cache for file.
[19:19:47] Patcher: Checking File: Skins\default\station_images\login-map.png
[19:19:47] Patcher: --- Refreshing cache for file.
[19:19:47] Patcher: Checking File: Skins\default\station_images\login-hover.png
[19:19:47] Patcher: --- Refreshing cache for file.
[19:19:47] Patcher: Checking File: Skins\default\station_images\login-focused.png
[19:19:47] Patcher: --- Refreshing cache for file.
[19:19:47] Patcher: Checking File: Skins\default\station_images\login-bg.png
[19:19:47] Patcher: --- Refreshing cache for file.
[19:19:47] Patcher: Checking File: Skins\default\station_images\im-selected.png
[19:19:47] Patcher: --- Refreshing cache for file.
[19:19:47] Patcher: Checking File: Skins\default\station_images\im-right-tile.png
[19:19:47] Patcher: --- Refreshing cache for file.
[19:19:47] Patcher: Checking File: Skins\default\station_images\im-map.png
[19:19:47] Patcher: --- Refreshing cache for file.
[19:19:47] Patcher: Checking File: Skins\default\station_images\im-hover.png
[19:19:47] Patcher: --- Refreshing cache for file.
[19:19:47] Patcher: Checking File: Skins\default\station_images\im-bg.png
[19:19:47] Patcher: --- Refreshing cache for file.
[19:19:47] Patcher: Checking File: Skins\default\station_images\chatscroll_tile.png
[19:19:47] Patcher: --- Refreshing cache for file.
[19:19:47] Patcher: Checking File: Skins\default\station_images\chatpeoplescroll_tile.png
[19:19:47] Patcher: --- Refreshing cache for file.
[19:19:47] Patcher: Checking File: Skins\default\station_images\chatpeople_tile.png
[19:19:47] Patcher: --- Refreshing cache for file.
[19:19:47] Patcher: Checking File: Skins\default\station_images\chat_puck_small.png
[19:19:47] Patcher: --- Refreshing cache for file.
[19:19:47] Patcher: Checking File: Skins\default\station_images\chat_puck.png
[19:19:47] Patcher: --- Refreshing cache for file.
[19:19:47] Patcher: Checking File: Skins\default\station_images\chat-top-tile.png
[19:19:47] Patcher: --- Refreshing cache for file.
[19:19:47] Patcher: Checking File: Skins\default\station_images\chat-selected.png
[19:19:47] Patcher: --- Refreshing cache for file.
[19:19:47] Patcher: Checking File: Skins\default\station_images\chat-map.png
[19:19:47] Patcher: --- Refreshing cache for file.
[19:19:47] Patcher: Checking File: Skins\default\station_images\chat-right-tile.png
[19:19:47] Patcher: --- Refreshing cache for file.
[19:19:47] Patcher: Checking File: Skins\default\station_images\chat-left-tile.png
[19:19:47] Patcher: --- Refreshing cache for file.
[19:19:47] Patcher: Checking File: Skins\default\station_images\chat-hover.png
[19:19:47] Patcher: --- Refreshing cache for file.
[19:19:47] Patcher: Checking File: Skins\default\station_images\chat-bottom-tile.png
[19:19:47] Patcher: --- Refreshing cache for file.
[19:19:47] Patcher: Checking File: Skins\default\station_images\chat-bg.png
[19:19:47] Patcher: --- Refreshing cache for file.
[19:19:47] Patcher: Checking File: Skins\default\station_images\buddy_mini-selected.png
[19:19:47] Patcher: --- Refreshing cache for file.
[19:19:47] Patcher: Checking File: Skins\default\station_images\buddy_mini-right-tile.png
[19:19:47] Patcher: --- Refreshing cache for file.
[19:19:47] Patcher: Checking File: Skins\default\station_images\buddy_mini-map.png
[19:19:47] Patcher: --- Refreshing cache for file.
[19:19:47] Patcher: Checking File: Skins\default\station_images\buddy_mini-left-tile.png
[19:19:47] Patcher: --- Refreshing cache for file.
[19:19:47] Patcher: Checking File: Skins\default\station_images\buddy_mini-hover.png
[19:19:47] Patcher: --- Refreshing cache for file.
[19:19:47] Patcher: Checking File: Skins\default\station_images\buddy_mini-bg.png
[19:19:47] Patcher: --- Refreshing cache for file.
[19:19:47] Patcher: Checking File: Skins\default\station_images\buddy-selected.png
[19:19:47] Patcher: --- Refreshing cache for file.
[19:19:47] Patcher: Checking File: Skins\default\station_images\buddy-right-tile.png
[19:19:47] Patcher: --- Refreshing cache for file.
[19:19:47] Patcher: Checking File: Skins\default\station_images\buddy-map.png
[19:19:47] Patcher: --- Refreshing cache for file.
[19:19:47] Patcher: Checking File: Skins\default\station_images\buddy-left-tile.png
[19:19:47] Patcher: --- Refreshing cache for file.
[19:19:47] Patcher: Checking File: Skins\default\station_images\buddy-hover.png
[19:19:47] Patcher: --- Refreshing cache for file.
[19:19:47] Patcher: Checking File: Skins\default\station_images\buddy-bg.png
[19:19:47] Patcher: --- Refreshing cache for file.
[19:19:47] Patcher: Checking File: Skins\default\station_images\xbutton-sel.png
[19:19:47] Patcher: --- Refreshing cache for file.
[19:19:47] Patcher: Checking File: Skins\default\station_images\xbutton-hov.png
[19:19:47] Patcher: --- Refreshing cache for file.
[19:19:47] Patcher: Checking File: Skins\default\station_images\xbutton-focus.png
[19:19:47] Patcher: --- Refreshing cache for file.
[19:19:47] Patcher: Checking File: Skins\default\station_images\xbutton-bg.png
[19:19:47] Patcher: --- Refreshing cache for file.
[19:19:47] Patcher: Checking File: Skins\default\station_images\okbutton-focus.png
[19:19:47] Patcher: --- Refreshing cache for file.
[19:19:47] Patcher: Checking File: Skins\default\station_images\okbutton-center-focus.png
[19:19:47] Patcher: --- Refreshing cache for file.
[19:19:48] Patcher: Checking File: Skins\default\station_images\cancelbutton-focus.png
[19:19:48] Patcher: --- Refreshing cache for file.
[19:19:48] Patcher: Checking File: Skins\default\station_images\cancelbutton-center-focus.png
[19:19:48] Patcher: --- Refreshing cache for file.
[19:19:48] Patcher: Checking File: Skins\default\station_images\okbutton-hov.png
[19:19:48] Patcher: --- Refreshing cache for file.
[19:19:48] Patcher: Checking File: Skins\default\station_images\messageBar-bg.png
[19:19:48] Patcher: --- Refreshing cache for file.
[19:19:48] Patcher: Checking File: Skins\default\station_images\okbutton-sel.png
[19:19:48] Patcher: --- Refreshing cache for file.
[19:19:48] Patcher: Checking File: Skins\default\station_images\okbutton-bg.png
[19:19:48] Patcher: --- Refreshing cache for file.
[19:19:48] Patcher: Checking File: Skins\default\station_images\cancelbutton-sel.png
[19:19:48] Patcher: --- Refreshing cache for file.
[19:19:48] Patcher: Checking File: Skins\default\station_images\cancelbutton-hov.png
[19:19:48] Patcher: --- Refreshing cache for file.
[19:19:48] Patcher: Checking File: Skins\default\station_images\cancelbutton-bg.png
[19:19:48] Patcher: --- Refreshing cache for file.
[19:19:48] Patcher: Checking File: Skins\default\station_images\okbutton-center-sel.png
[19:19:48] Patcher: --- Refreshing cache for file.
[19:19:48] Patcher: Checking File: Skins\default\station_images\okbutton-center-hov.png
[19:19:48] Patcher: --- Refreshing cache for file.
[19:19:48] Patcher: Checking File: Skins\default\station_images\okbutton-center-bg.png
[19:19:48] Patcher: --- Refreshing cache for file.
[19:19:48] Patcher: Checking File: Skins\default\station_images\cancelbutton-center-sel.png
[19:19:48] Patcher: --- Refreshing cache for file.
[19:19:48] Patcher: Checking File: Skins\default\station_images\cancelbutton-center-hov.png
[19:19:48] Patcher: --- Refreshing cache for file.
[19:19:48] Patcher: Checking File: Skins\default\station_images\cancelbutton-center-bg.png
[19:19:48] Patcher: --- Refreshing cache for file.
[19:19:48] Patcher: Checking File: Skins\default\station_images\messageOption-map.png
[19:19:48] Patcher: --- Refreshing cache for file.
[19:19:48] Patcher: Checking File: Skins\default\station_images\mbslider-arrowup-sel.png
[19:19:48] Patcher: --- Refreshing cache for file.
[19:19:48] Patcher: Checking File: Skins\default\station_images\mbslider-arrowup-hov.png
[19:19:48] Patcher: --- Refreshing cache for file.
[19:19:48] Patcher: Checking File: Skins\default\station_images\mbslider-arrowup-bg.png
[19:19:48] Patcher: --- Refreshing cache for file.
[19:19:48] Patcher: Checking File: Skins\default\station_images\mbslider-arrowdown-sel.png
[19:19:48] Patcher: --- Refreshing cache for file.
[19:19:48] Patcher: Checking File: Skins\default\station_images\mbslider-bg.png
[19:19:48] Patcher: --- Refreshing cache for file.
[19:19:48] Patcher: Checking File: Skins\default\station_images\mbslider-arrowdown-hov.png
[19:19:48] Patcher: --- Refreshing cache for file.
[19:19:48] Patcher: Checking File: Skins\default\station_images\mbslider-arrowdown-bg.png
[19:19:48] Patcher: --- Refreshing cache for file.
[19:19:48] Patcher: Checking File: Skins\default\station_images\subscribe-bg.png
[19:19:48] Patcher: --- Refreshing cache for file.
[19:19:48] Patcher: Checking File: Skins\default\station_images\subscribe-sel.png
[19:19:48] Patcher: --- Refreshing cache for file.
[19:19:48] Patcher: Checking File: Skins\default\station_images\subscribe-hov.png
[19:19:48] Patcher: --- Refreshing cache for file.
[19:19:48] Patcher: Checking File: Skins\default\station_images\subscribebutton-sel.png
[19:19:48] Patcher: --- Refreshing cache for file.
[19:19:48] Patcher: Checking File: Skins\default\station_images\subscribebutton-hov.png
[19:19:48] Patcher: --- Refreshing cache for file.
[19:19:48] Patcher: Checking File: Skins\default\station_images\subscribebutton-focus.png
[19:19:48] Patcher: --- Refreshing cache for file.
[19:19:48] Patcher: Checking File: Skins\default\station_images\subscribebutton-bg.png
[19:19:48] Patcher: --- Refreshing cache for file.
[19:19:48] Patcher: Checking File: Skins\default\station_images\playbutton-sel.png
[19:19:48] Patcher: --- Refreshing cache for file.
[19:19:48] Patcher: Checking File: Skins\default\station_images\playbutton-hov.png
[19:19:48] Patcher: --- Refreshing cache for file.
[19:19:48] Patcher: Checking File: Skins\default\station_images\playbutton-focus.png
[19:19:48] Patcher: --- Refreshing cache for file.
[19:19:48] Patcher: Checking File: Skins\default\station_images\playbutton-bg.png
[19:19:48] Patcher: --- Refreshing cache for file.
[19:19:48] Patcher: Checking File: Skins\default\station_images\subscribe-focused.png
[19:19:48] Patcher: --- Refreshing cache for file.
[19:19:48] Patcher: Checking File: Skins\default\station_images\mini-focused.png
[19:19:48] Patcher: --- Refreshing cache for file.
[19:19:49] Patcher: Checking File: Skins\default\station_images\main-focused.png
[19:19:49] Patcher: --- Refreshing cache for file.
[19:19:49] Patcher: Checking File: Skins\default\station_images\im-focused.png
[19:19:49] Patcher: --- Refreshing cache for file.
[19:19:49] Patcher: Checking File: Skins\default\station_images\chat-focused.png
[19:19:49] Patcher: --- Refreshing cache for file.
[19:19:49] Patcher: Checking File: Skins\default\station_images\browser-focused.png
[19:19:49] Patcher: --- Refreshing cache for file.
[19:19:49] Patcher: Checking File: Skins\default\station_images\LaunchPad.ico
[19:19:49] Patcher: --- Refreshing cache for file.
[19:19:49] Patcher: Checking File: Skins\default\station_images\browser-top-tile.png
[19:19:49] Patcher: --- Refreshing cache for file.
[19:19:49] Patcher: Checking File: Skins\default\station_images\browser-sel.png
[19:19:49] Patcher: --- Refreshing cache for file.
[19:19:49] Patcher: Checking File: Skins\default\station_images\browser-right-tile.png
[19:19:49] Patcher: --- Refreshing cache for file.
[19:19:49] Patcher: Checking File: Skins\default\station_images\browser-map.png
[19:19:49] Patcher: --- Refreshing cache for file.
[19:19:49] Patcher: Checking File: Skins\default\station_images\browser-left-tile.png
[19:19:49] Patcher: --- Refreshing cache for file.
[19:19:49] Patcher: Checking File: Skins\default\station_images\browser-hov.png
[19:19:49] Patcher: --- Refreshing cache for file.
[19:19:49] Patcher: Checking File: Skins\default\station_images\browser-bottom-tile.png
[19:19:49] Patcher: --- Refreshing cache for file.
[19:19:49] Patcher: Checking File: Skins\default\station_images\browser-bg.png
[19:19:49] Patcher: --- Refreshing cache for file.
[19:19:49] Patcher: Checking File: Skins\default\station_images\chat-disabled.png
[19:19:49] Patcher: --- Refreshing cache for file.
[19:19:49] Patcher: Checking File: Skins\default\station_images\message-hover.png
[19:19:49] Patcher: --- Refreshing cache for file.
[19:19:49] Patcher: Checking File: Skins\default\station_images\message-fg.png
[19:19:49] Patcher: --- Refreshing cache for file.
[19:19:49] Patcher: Checking File: Skins\default\station_images\message-selected.png
[19:19:49] Patcher: --- Refreshing cache for file.
[19:19:49] Patcher: Checking File: Skins\default\station_images\messageBoxOption-bg.png
[19:19:49] Patcher: --- Refreshing cache for file.
[19:19:49] Patcher: Checking File: Skins\default\station_images\messageBoxOption-map.png
[19:19:49] Patcher: --- Refreshing cache for file.
[19:19:49] Patcher: Checking File: Skins\default\station_images\patcher-bg.png
[19:19:49] Patcher: --- Refreshing cache for file.
[19:19:49] Patcher: Checking File: Skins\default\station_images\patcher-hover.png
[19:19:49] Patcher: --- Refreshing cache for file.
[19:19:49] Patcher: Checking File: Skins\default\station_images\patcher-selected.png
[19:19:49] Patcher: --- Refreshing cache for file.
[19:19:49] Patcher: Checking File: Skins\default\station_images\textentry-bg.png
[19:19:49] Patcher: --- Refreshing cache for file.
[19:19:49] Patcher: Checking File: Skins\default\station_images\textentry-hover.png
[19:19:49] Patcher: --- Refreshing cache for file.
[19:19:49] Patcher: Checking File: Skins\default\station_images\textentry-selected.png
[19:19:49] Patcher: --- Refreshing cache for file.
[19:19:49] Patcher: Checking File: Skins\default\Sounds\click.wav
[19:19:49] Patcher: --- Refreshing cache for file.
[19:19:49] Patcher: Checking File: Skins\default\Sounds\slideclose.wav
[19:19:49] Patcher: --- Refreshing cache for file.
[19:19:49] Patcher: Checking File: Skins\default\Sounds\slideopen.wav
[19:19:49] Patcher: --- Refreshing cache for file.
[19:19:50] Patcher: Checking File: Skins\default\Sounds\spacebuzz.wav
[19:19:50] Patcher: --- Refreshing cache for file.
[19:19:50] Patcher: Checking File: Skins\default\default.xml
[19:19:50] Patcher: --- Refreshing cache for file.
[19:19:50] Patcher: Checking File: Skins\default\preview.jpg
[19:19:50] Patcher: --- Refreshing cache for file.
[19:19:50] Patcher: Exe Match: Name is LaunchPad.exe, Running exe is launchpad.exe
[19:19:50] Patcher: Checking File: lpClientConfig.xml
[19:19:50] Patcher: --- Refreshing cache for file.
[19:19:50] Patcher: Checking File: load.html
[19:19:50] Patcher: --- Refreshing cache for file.
[19:19:50] Patcher: Checking File: strings_de.xml
[19:19:50] Patcher: --- Refreshing cache for file.
[19:19:50] Patcher: Checking File: strings_fr.xml
[19:19:50] Patcher: --- Refreshing cache for file.
[19:19:50] Patcher: Checking File: dbghelp.dll
[19:19:50] Patcher: --- Refreshing cache for file.
[19:19:50] Patcher: Checking File: strings_ja.xml
[19:19:50] Patcher: --- Refreshing cache for file.
[19:19:50] Patcher: Checking File: strings_zh_TW.xml
[19:19:50] Patcher: --- Refreshing cache for file.
[19:19:50] Patcher: Checking File: strings_zh_CN.xml
[19:19:50] Patcher: --- Refreshing cache for file.
[19:19:50] Patcher: Checking File: strings_ru.xml
[19:19:50] Patcher: --- Refreshing cache for file.
[19:19:50] Patcher: Checking File: strings_es.xml
[19:19:50] Patcher: --- Refreshing cache for file.
[19:19:50] Patcher: Checking File: strings_it.xml
[19:19:50] Patcher: --- Refreshing cache for file.
[19:19:50] Patcher: Checking File: lp_plugin.exe
[19:19:50] Patcher: --- Refreshing cache for file.
[19:19:50] Patcher: Checking File: sc.dll
[19:19:50] Patcher: --- Refreshing cache for file.
[19:19:50] Patcher: Checking File: NTSpecificModule.dll
[19:19:50] Patcher: --- Refreshing cache for file.
[19:19:50] Patcher: Scanning Distribution LaunchPad Distribution ------------------
[19:19:51] Patcher: Exe Match: Name is LaunchPad.exe, Running exe is launchpad.exe
[19:19:51] GameName [LaunchPad]: Checking for update
[19:19:51] Patcher: Exe Match: Name is LaunchPad.exe, Running exe is launchpad.exe
[19:19:51] Patcher: Scanning Distribution LaunchPad Distribution ------------------
[19:19:51] Game Update Up to Date.
[19:19:51] Done updating self
[19:19:51] About to Load Skin
[19:19:51] Load Skin Routine Start
[19:19:51] Looking for Preferred Skin
[19:19:51] default[19:19:51] Found. Attempting Update...
[19:19:51] Skin Update Begin
[19:19:52] PatchSkin C
[19:19:52] Patch Complete.  Attempting Build...
[19:19:52] Building App Start.
[19:19:52] Retrieving directory.
[19:19:52] Working directory: C:\Program Files\Sony\Station\LaunchPad
[19:19:52] Attempting load of default Skin XML File 'C:\Program Files\Sony\Station\LaunchPad\Skins\default\default.xml'
[19:19:52] Skin Directory: C:\Program Files\Sony\Station\LaunchPad\Skins\default
[19:19:52] Xml File successfully parsed.
[19:19:52] Building Application GUI Objects.
[19:19:52] Building Window...
[19:19:52] Loading image C:\Program Files\Sony\Station\LaunchPad\Skins\default\station_images/login-map.png
[19:19:52] Done Loading Image
[19:19:52] Loading image C:\Program Files\Sony\Station\LaunchPad\Skins\default\station_images/login-bg.png
[19:19:52] Done Loading Image
[19:19:52] Window "LoginWindow" Built.
[19:19:52] Building Window...
[19:19:52] Loading image C:\Program Files\Sony\Station\LaunchPad\Skins\default\station_images/mini-map.png
[19:19:52] Done Loading Image
[19:19:52] Loading image C:\Program Files\Sony\Station\LaunchPad\Skins\default\station_images/mini-bg.png
[19:19:52] Done Loading Image
[19:19:53] Loading image C:\Program Files\Sony\Station\LaunchPad\Skins\default\station_images/buddy_mini-left-tile.png
[19:19:53] Done Loading Image
[19:19:53] Loading image C:\Program Files\Sony\Station\LaunchPad\Skins\default\station_images/buddy_mini-right-tile.png
[19:19:53] Done Loading Image
[19:19:53] Loading image C:\Program Files\Sony\Station\LaunchPad\Skins\default\station_images/buddy_mini-map.png
[19:19:53] Done Loading Image
[19:19:53] Loading image C:\Program Files\Sony\Station\LaunchPad\Skins\default\station_images/buddy_mini-bg.png
[19:19:53] Done Loading Image
[19:19:53] Window "MiniWindow" Built.
[19:19:53] Building Window...
[19:19:53] Loading image C:\Program Files\Sony\Station\LaunchPad\Skins\default\station_images/main-map.png
[19:19:53] Done Loading Image
[19:19:53] Loading image C:\Program Files\Sony\Station\LaunchPad\Skins\default\station_images/main-bg.png
[19:19:53] Done Loading Image
[19:19:53] Loading image C:\Program Files\Sony\Station\LaunchPad\Skins\default\station_images/buddy-left-tile.png
[19:19:53] Done Loading Image
[19:19:53] Loading image C:\Program Files\Sony\Station\LaunchPad\Skins\default\station_images/buddy-right-tile.png
[19:19:53] Done Loading Image
[19:19:53] Loading image C:\Program Files\Sony\Station\LaunchPad\Skins\default\station_images/buddy-map.png
[19:19:53] Done Loading Image
[19:19:53] Loading image C:\Program Files\Sony\Station\LaunchPad\Skins\default\station_images/buddy-bg.png
[19:19:53] Done Loading Image
[19:19:53] Window "MainWindow" Built.
[19:19:53] Building Window...
[19:19:53] Loading image C:\Program Files\Sony\Station\LaunchPad\Skins\default\station_images/chatpeople_tile.png
[19:19:53] Done Loading Image
[19:19:53] Loading image C:\Program Files\Sony\Station\LaunchPad\Skins\default\station_images/chatscroll_tile.png
[19:19:53] Done Loading Image
[19:19:53] Loading image C:\Program Files\Sony\Station\LaunchPad\Skins\default\station_images/chatpeoplescroll_tile.png
[19:19:53] Done Loading Image
[19:19:53] Loading image C:\Program Files\Sony\Station\LaunchPad\Skins\default\station_images/chat-top-tile.png
[19:19:53] Done Loading Image
[19:19:53] Loading image C:\Program Files\Sony\Station\LaunchPad\Skins\default\station_images/chat-bottom-tile.png
[19:19:53] Done Loading Image
[19:19:53] Loading image C:\Program Files\Sony\Station\LaunchPad\Skins\default\station_images/chat-left-tile.png
[19:19:53] Done Loading Image
[19:19:53] Loading image C:\Program Files\Sony\Station\LaunchPad\Skins\default\station_images/chat-right-tile.png
[19:19:53] Done Loading Image
[19:19:53] Loading image C:\Program Files\Sony\Station\LaunchPad\Skins\default\station_images/chat-map.png
[19:19:53] Done Loading Image
[19:19:53] Loading image C:\Program Files\Sony\Station\LaunchPad\Skins\default\station_images/chat-bg.png
[19:19:53] Done Loading Image
[19:19:53] Loading image C:\Program Files\Sony\Station\LaunchPad\Skins\default\station_images/chat_puck.png
[19:19:53] Done Loading Image
[19:19:53] Loading image C:\Program Files\Sony\Station\LaunchPad\Skins\default\station_images/chat_puck_small.png
[19:19:53] Done Loading Image
[19:19:54] Window "ChatWindow" Built.
[19:19:54] Building Window...
[19:19:54] Loading image C:\Program Files\Sony\Station\LaunchPad\Skins\default\station_images/im-right-tile.png
[19:19:54] Done Loading Image
[19:19:54] Loading image C:\Program Files\Sony\Station\LaunchPad\Skins\default\station_images/im-map.png
[19:19:54] Done Loading Image
[19:19:54] Loading image C:\Program Files\Sony\Station\LaunchPad\Skins\default\station_images/im-bg.png
[19:19:54] Done Loading Image
[19:19:54] Window "IMWindow" Built.
[19:19:54] Building Dialog...
[19:19:54] Loading image C:\Program Files\Sony\Station\LaunchPad\Skins\default\station_images/message-map.png
[19:19:54] Done Loading Image
[19:19:54] Loading image C:\Program Files\Sony\Station\LaunchPad\Skins\default\station_images/message-bg.png
[19:19:54] Done Loading Image
[19:19:54] Loading image C:\Program Files\Sony\Station\LaunchPad\Skins\default\station_images/okbutton-center-bg.png
[19:19:54] Done Loading Image
[19:19:54] Loading image C:\Program Files\Sony\Station\LaunchPad\Skins\default\station_images/xbutton-bg.png
[19:19:54] Done Loading Image
[19:19:54] Loading image C:\Program Files\Sony\Station\LaunchPad\Skins\default\station_images/mbslider-bg.png
[19:19:54] Done Loading Image
[19:19:54] Loading image C:\Program Files\Sony\Station\LaunchPad\Skins\default\station_images/mbslider-arrowUp-bg.png
[19:19:54] Done Loading Image
[19:19:54] Loading image C:\Program Files\Sony\Station\LaunchPad\Skins\default\station_images/mbslider-arrowDown-bg.png
[19:19:54] Done Loading Image
[19:19:54] Dialog "MessageBox" Built.
[19:19:54] Building Dialog...
[19:19:54] Loading image C:\Program Files\Sony\Station\LaunchPad\Skins\default\station_images/messageOption-map.png
[19:19:54] Done Loading Image
[19:19:54] Loading image C:\Program Files\Sony\Station\LaunchPad\Skins\default\station_images/subscribebutton-bg.png
[19:19:54] Done Loading Image
[19:19:54] Loading image C:\Program Files\Sony\Station\LaunchPad\Skins\default\station_images/playbutton-bg.png
[19:19:54] Done Loading Image
[19:19:55] Dialog "MessageBoxOkCancel" Built.
[19:19:55] Building Dialog...
[19:19:55] Loading image C:\Program Files\Sony\Station\LaunchPad\Skins\default\station_images/okbutton-bg.png
[19:19:55] Done Loading Image
[19:19:55] Loading image C:\Program Files\Sony\Station\LaunchPad\Skins\default\station_images/cancelbutton-bg.png
[19:19:55] Done Loading Image
[19:19:55] Dialog "FirstTimeWindow" Built.
[19:19:55] Building Dialog...
[19:19:55] Loading image C:\Program Files\Sony\Station\LaunchPad\Skins\default\station_images/textentry-map.png
[19:19:55] Done Loading Image
[19:19:55] Loading image C:\Program Files\Sony\Station\LaunchPad\Skins\default\station_images/messageBar-bg.png
[19:19:55] Done Loading Image
[19:19:55] Dialog "TextEntryBox" Built.
[19:19:55] Building Window...
[19:19:55] Loading image C:\Program Files\Sony\Station\LaunchPad\Skins\default\station_images/patcher-map.png
[19:19:55] Done Loading Image
[19:19:55] Loading image C:\Program Files\Sony\Station\LaunchPad\Skins\default\station_images/cancelbutton-center-bg.png
[19:19:55] Done Loading Image
[19:19:55] Loading image C:\Program Files\Sony\Station\LaunchPad\Skins\default\station_images/patcher-progress.png
[19:19:55] Done Loading Image
[19:19:55] Window "PatcherWindow" Built.
[19:19:55] Building Window...
[19:19:55] Loading image C:\Program Files\Sony\Station\LaunchPad\Skins\default\station_images/popup-map.png
[19:19:55] Done Loading Image
[19:19:55] Loading image C:\Program Files\Sony\Station\LaunchPad\Skins\default\station_images/popup-bg.png
[19:19:55] Done Loading Image
[19:19:55] Window "MouseMenu" Built.
[19:19:55] Building Window...
[19:19:55] Loading image C:\Program Files\Sony\Station\LaunchPad\Skins\default\station_images/browser-top-tile.png
[19:19:55] Done Loading Image
[19:19:55] Loading image C:\Program Files\Sony\Station\LaunchPad\Skins\default\station_images/browser-bottom-tile.png
[19:19:55] Done Loading Image
[19:19:55] Loading image C:\Program Files\Sony\Station\LaunchPad\Skins\default\station_images/browser-left-tile.png
[19:19:55] Done Loading Image
[19:19:55] Loading image C:\Program Files\Sony\Station\LaunchPad\Skins\default\station_images/browser-right-tile.png
[19:19:55] Done Loading Image
[19:19:55] Loading image C:\Program Files\Sony\Station\LaunchPad\Skins\default\station_images/browser-map.png
[19:19:55] Done Loading Image
[19:19:55] Loading image C:\Program Files\Sony\Station\LaunchPad\Skins\default\station_images/browser-bg.png
[19:19:55] Done Loading Image
[19:19:55] Window "BrowserWindow" Built.
[19:19:55] Building of Application GUI Objects Complete.
[19:19:55] Preloading Images.
[19:19:55] Loading image C:\Program Files\Sony\Station\LaunchPad\Skins\default\station_images/login-hover.png
[19:19:55] Done Loading Image
[19:19:55] Loading image C:\Program Files\Sony\Station\LaunchPad\Skins\default\station_images/login-focused.png
[19:19:55] Done Loading Image
[19:19:55] Loading image C:\Program Files\Sony\Station\LaunchPad\Skins\default\station_images/login-selected.png
[19:19:55] Done Loading Image
[19:19:55] Loading image C:\Program Files\Sony\Station\LaunchPad\Skins\default\station_images/mini-hover.png
[19:19:55] Done Loading Image
[19:19:55] Loading image C:\Program Files\Sony\Station\LaunchPad\Skins\default\station_images/mini-focused.png
[19:19:55] Done Loading Image
[19:19:55] Loading image C:\Program Files\Sony\Station\LaunchPad\Skins\default\station_images/mini-selected.png
[19:19:55] Done Loading Image
[19:19:55] Loading image C:\Program Files\Sony\Station\LaunchPad\Skins\default\station_images/buddy_mini-hover.png
[19:19:55] Done Loading Image
[19:19:55] Loading image C:\Program Files\Sony\Station\LaunchPad\Skins\default\station_images/buddy_mini-selected.png
[19:19:55] Done Loading Image
[19:19:55] Loading image C:\Program Files\Sony\Station\LaunchPad\Skins\default\station_images/main-hover.png
[19:19:55] Done Loading Image
[19:19:55] Loading image C:\Program Files\Sony\Station\LaunchPad\Skins\default\station_images/main-focused.png
[19:19:55] Done Loading Image
[19:19:55] Loading image C:\Program Files\Sony\Station\LaunchPad\Skins\default\station_images/main-selected.png
[19:19:55] Done Loading Image
[19:19:55] Loading image C:\Program Files\Sony\Station\LaunchPad\Skins\default\station_images/buddy-hover.png
[19:19:55] Done Loading Image
[19:19:55] Loading image C:\Program Files\Sony\Station\LaunchPad\Skins\default\station_images/buddy-selected.png
[19:19:55] Done Loading Image
[19:19:55] Loading image C:\Program Files\Sony\Station\LaunchPad\Skins\default\station_images/chat-hover.png
[19:19:55] Done Loading Image
[19:19:55] Loading image C:\Program Files\Sony\Station\LaunchPad\Skins\default\station_images/chat-focused.png
[19:19:55] Done Loading Image
[19:19:55] Loading image C:\Program Files\Sony\Station\LaunchPad\Skins\default\station_images/chat-selected.png
[19:19:55] Done Loading Image
[19:19:55] Loading image C:\Program Files\Sony\Station\LaunchPad\Skins\default\station_images/chat-disabled.png
[19:19:55] Done Loading Image
[19:19:55] Loading image C:\Program Files\Sony\Station\LaunchPad\Skins\default\station_images/im-hover.png
[19:19:55] Done Loading Image
[19:19:55] Loading image C:\Program Files\Sony\Station\LaunchPad\Skins\default\station_images/im-focused.png
[19:19:55] Done Loading Image
[19:19:55] Loading image C:\Program Files\Sony\Station\LaunchPad\Skins\default\station_images/im-selected.png
[19:19:55] Done Loading Image
[19:19:55] Loading image C:\Program Files\Sony\Station\LaunchPad\Skins\default\station_images/okbutton-center-hov.png
[19:19:55] Done Loading Image
[19:19:55] Loading image C:\Program Files\Sony\Station\LaunchPad\Skins\default\station_images/okbutton-center-focus.png
[19:19:55] Done Loading Image
[19:19:55] Loading image C:\Program Files\Sony\Station\LaunchPad\Skins\default\station_images/okbutton-center-sel.png
[19:19:55] Done Loading Image
[19:19:55] Loading image C:\Program Files\Sony\Station\LaunchPad\Skins\default\station_images/xbutton-hov.png
[19:19:55] Done Loading Image
[19:19:55] Loading image C:\Program Files\Sony\Station\LaunchPad\Skins\default\station_images/xbutton-focus.png
[19:19:55] Done Loading Image
[19:19:55] Loading image C:\Program Files\Sony\Station\LaunchPad\Skins\default\station_images/xbutton-sel.png
[19:19:55] Done Loading Image
[19:19:55] Loading image C:\Program Files\Sony\Station\LaunchPad\Skins\default\station_images/mbslider-arrowUp-hov.png
[19:19:55] Done Loading Image
[19:19:55] Loading image C:\Program Files\Sony\Station\LaunchPad\Skins\default\station_images/mbslider-arrowUp-sel.png
[19:19:55] Done Loading Image
[19:19:55] Loading image C:\Program Files\Sony\Station\LaunchPad\Skins\default\station_images/mbslider-arrowDown-hov.png
[19:19:55] Done Loading Image
[19:19:55] Loading image C:\Program Files\Sony\Station\LaunchPad\Skins\default\station_images/mbslider-arrowDown-sel.png
[19:19:55] Done Loading Image
[19:19:55] Loading image C:\Program Files\Sony\Station\LaunchPad\Skins\default\station_images/subscribebutton-hov.png
[19:19:55] Done Loading Image
[19:19:55] Loading image C:\Program Files\Sony\Station\LaunchPad\Skins\default\station_images/subscribebutton-focus.png
[19:19:55] Done Loading Image
[19:19:55] Loading image C:\Program Files\Sony\Station\LaunchPad\Skins\default\station_images/subscribebutton-sel.png
[19:19:55] Done Loading Image
[19:19:55] Loading image C:\Program Files\Sony\Station\LaunchPad\Skins\default\station_images/playbutton-hov.png
[19:19:55] Done Loading Image
[19:19:55] Loading image C:\Program Files\Sony\Station\LaunchPad\Skins\default\station_images/playbutton-focus.png
[19:19:55] Done Loading Image
[19:19:55] Loading image C:\Program Files\Sony\Station\LaunchPad\Skins\default\station_images/playbutton-sel.png
[19:19:55] Done Loading Image
[19:19:55] Loading image C:\Program Files\Sony\Station\LaunchPad\Skins\default\station_images/okbutton-hov.png
[19:19:55] Done Loading Image
[19:19:55] Loading image C:\Program Files\Sony\Station\LaunchPad\Skins\default\station_images/okbutton-focus.png
[19:19:55] Done Loading Image
[19:19:55] Loading image C:\Program Files\Sony\Station\LaunchPad\Skins\default\station_images/okbutton-sel.png
[19:19:55] Done Loading Image
[19:19:55] Loading image C:\Program Files\Sony\Station\LaunchPad\Skins\default\station_images/cancelbutton-hov.png
[19:19:55] Done Loading Image
[19:19:55] Loading image C:\Program Files\Sony\Station\LaunchPad\Skins\default\station_images/cancelbutton-focus.png
[19:19:55] Done Loading Image
[19:19:55] Loading image C:\Program Files\Sony\Station\LaunchPad\Skins\default\station_images/cancelbutton-sel.png
[19:19:55] Done Loading Image
[19:19:55] Loading image C:\Program Files\Sony\Station\LaunchPad\Skins\default\station_images/cancelbutton-center-hov.png
[19:19:55] Done Loading Image
[19:19:55] Loading image C:\Program Files\Sony\Station\LaunchPad\Skins\default\station_images/cancelbutton-center-focus.png
[19:19:55] Done Loading Image
[19:19:55] Loading image C:\Program Files\Sony\Station\LaunchPad\Skins\default\station_images/cancelbutton-center-sel.png
[19:19:55] Done Loading Image
[19:19:55] Loading image C:\Program Files\Sony\Station\LaunchPad\Skins\default\station_images/popup-fg.png
[19:19:55] Done Loading Image
[19:19:55] Loading image C:\Program Files\Sony\Station\LaunchPad\Skins\default\station_images/popup-hover.png
[19:19:55] Done Loading Image
[19:19:55] Loading image C:\Program Files\Sony\Station\LaunchPad\Skins\default\station_images/popup-selected.png
[19:19:55] Done Loading Image
[19:19:55] Loading image C:\Program Files\Sony\Station\LaunchPad\Skins\default\station_images/browser-hov.png
[19:19:55] Done Loading Image
[19:19:55] Loading image C:\Program Files\Sony\Station\LaunchPad\Skins\default\station_images/browser-focused.png
[19:19:55] Done Loading Image
[19:19:55] Loading image C:\Program Files\Sony\Station\LaunchPad\Skins\default\station_images/browser-sel.png
[19:19:55] Done Loading Image
[19:19:55] Initializing Data.
[19:19:55] Build Process Complete.
[19:19:56] Preferred Skin Build Complete.
[19:19:56] Load Skin Routine End
[19:19:56] Passed Load Process
[19:19:56] Passed Load ClientConfig
[19:29:08] LaunchPad Server Response: Connection Opened
[19:29:10] LaunchPad Server Response: Login Response
[19:29:10] Starting EChat Connection...
[19:29:10] GETTING OS VERSION --------------- 
[19:29:10] OS Version: Major 5 Minor 1
[19:29:10] GETTING IE VERSION --------------- 
[19:29:10] IV: Registry Key Software\Microsoft open for reading
[19:29:10] IV: Registry Key Internet Explorer open for reading
[19:29:10] IV: Key Value is 6.0.2900.5512
[19:29:10] IV COMPLETE: IE Version is 6 ------------- 
[19:29:10] EBrowser: Navigate GET {
[19:29:10]   URL=http://www2.station.sony.com/en/station_client_headlines.jsp
[19:29:10] EBrowser: Navigate }
[19:29:10] EBrowser: Navigate GET {
[19:29:10]   URL=http://www2.station.sony.com/en/station_client_headlines.jsp
[19:29:10] EBrowser: Navigate }
[19:29:15] =========== CHAT: Connection Failed.
[19:29:19] =========== CHAT: Connection Failed.
[19:29:23] =========== CHAT: Connection Failed.
[19:29:27] =========== CHAT: Connection Failed.
[19:29:31] =========== CHAT: Connection Failed.
[19:29:35] =========== CHAT: Connection Failed.
[19:29:39] =========== CHAT: Connection Failed.
[19:29:43] =========== CHAT: Connection Failed.
[19:29:47] =========== CHAT: Connection Failed.
[19:29:51] =========== CHAT: Connection Failed.
[19:29:56] =========== CHAT: Connection Failed.
[19:30:00] =========== CHAT: Connection Failed.
[19:30:04] =========== CHAT: Connection Failed.
[19:30:08] =========== CHAT: Connection Failed.
[19:30:12] =========== CHAT: Connection Failed.
[19:30:16] =========== CHAT: Connection Failed.
[19:30:20] =========== CHAT: Connection Failed.
[19:30:24] =========== CHAT: Connection Failed.
[19:30:28] =========== CHAT: Connection Failed.
[19:30:32] =========== CHAT: Connection Failed.
[19:30:36] =========== CHAT: Connection Failed.
[19:30:40] =========== CHAT: Connection Failed.
[19:30:45] =========== CHAT: Connection Failed.
[19:30:49] =========== CHAT: Connection Failed.
[19:30:53] =========== CHAT: Connection Failed.
[19:30:57] =========== CHAT: Connection Failed.
[19:31:01] =========== CHAT: Connection Failed.
[19:31:05] =========== CHAT: Connection Failed.
[19:31:09] =========== CHAT: Connection Failed.
[19:31:13] =========== CHAT: Connection Failed.
[19:31:17] =========== CHAT: Connection Failed.
[19:31:21] =========== CHAT: Connection Failed.
[19:31:25] =========== CHAT: Connection Failed.
[19:31:29] =========== CHAT: Connection Failed.
[19:31:33] =========== CHAT: Connection Failed.
[19:31:37] =========== CHAT: Connection Failed.
[19:31:41] =========== CHAT: Connection Failed.
[19:31:46] =========== CHAT: Connection Failed.
[19:31:50] =========== CHAT: Connection Failed.
[19:31:54] =========== CHAT: Connection Failed.
[19:31:58] =========== CHAT: Connection Failed.
[19:32:02] =========== CHAT: Connection Failed.
[19:32:06] =========== CHAT: Connection Failed.
[19:32:10] =========== CHAT: Connection Failed.
[19:32:14] =========== CHAT: Connection Failed.
[19:32:18] =========== CHAT: Connection Failed.
[19:32:22] =========== CHAT: Connection Failed.
[19:32:26] =========== CHAT: Connection Failed.
[19:32:30] =========== CHAT: Connection Failed.
[19:32:34] =========== CHAT: Connection Failed.
[19:32:38] =========== CHAT: Connection Failed.
[19:32:42] =========== CHAT: Connection Failed.
[19:32:47] =========== CHAT: Connection Failed.
[19:32:51] =========== CHAT: Connection Failed.
[19:32:55] =========== CHAT: Connection Failed.
[19:32:59] =========== CHAT: Connection Failed.
[19:32:59] LaunchPad Server Response: Play Response: 0
[19:32:59] Patcher: Checking File: ctfpl-hp.lvl
[19:32:59] Patcher: --- Refreshing cache for file.
[19:32:59] Patcher: Checking File: skirmish.lvl
[19:32:59] Patcher: --- Refreshing cache for file.
[19:32:59] Patcher: Checking File: stadng3a.lvl
[19:32:59] Patcher: --- Refreshing cache for file.
[19:33:00] Patcher: Checking File: alioth.lvl
[19:33:00] Patcher: --- Refreshing cache for file.
[19:33:00] Patcher: Checking File: reload.blo
[19:33:00] Patcher: --- Refreshing cache for file.
[19:33:00] Patcher: Checking File: fleetbongs.blo
[19:33:00] Patcher: --- Refreshing cache for file.
[19:33:00] Patcher: Checking File: sfx_bh.lvl
[19:33:00] Patcher: --- Refreshing cache for file.
[19:33:00] Patcher: Checking File: sounds.blo
[19:33:00] Patcher: --- Refreshing cache for file.
[19:33:00] Patcher: Checking File: tankodromesm.blo
[19:33:00] Patcher: --- Refreshing cache for file.
[19:33:00] Patcher: Checking File: Asteroids.blo
[19:33:00] Patcher: --- Refreshing cache for file.
[19:33:00] Patcher: Checking File: Effects.blo
[19:33:00] Patcher: --- Refreshing cache for file.
[19:33:00] Patcher: Checking File: BBall2.lvl
[19:33:00] Patcher: --- Refreshing cache for file.
[19:33:00] Patcher: Checking File: f_stadium.blo
[19:33:00] Patcher: --- Refreshing cache for file.
[19:33:00] Patcher: Checking File: o_onesided2.blo
[19:33:00] Patcher: --- Refreshing cache for file.
[19:33:00] Patcher: Checking File: o_vehicles.blo
[19:33:00] Patcher: --- Refreshing cache for file.
[19:33:00] Patcher: Checking File: kothtimers.blo
[19:33:00] Patcher: --- Refreshing cache for file.
[19:33:00] Patcher: Checking File: crateicons.blo
[19:33:00] Patcher: --- Refreshing cache for file.
[19:33:00] Patcher: Checking File: bhsmallaliens.blo
[19:33:00] Patcher: --- Refreshing cache for file.
[19:33:00] Patcher: Checking File: stadng3.lvl
[19:33:00] Patcher: --- Refreshing cache for file.
[19:33:00] Patcher: Checking File: sbl.lvl
[19:33:00] Patcher: --- Refreshing cache for file.
[19:33:00] Patcher: Checking File: subgraph.blo
[19:33:00] Patcher: --- Refreshing cache for file.
[19:33:01] Patcher: Checking File: o_f_legacy2.blo
[19:33:01] Patcher: --- Refreshing cache for file.
[19:33:01] Patcher: Checking File: tankodrome.blo
[19:33:01] Patcher: --- Refreshing cache for file.
[19:33:01] Patcher: Checking File: laser.blo
[19:33:01] Patcher: --- Refreshing cache for file.
[19:33:01] Patcher: Checking File: o_floorHoles.blo
[19:33:01] Patcher: --- Refreshing cache for file.
[19:33:01] Patcher: Checking File: o_effects2.blo
[19:33:01] Patcher: --- Refreshing cache for file.
[19:33:01] Patcher: Checking File: Weapons2.blo
[19:33:01] Patcher: --- Refreshing cache for file.
[19:33:01] Patcher: Checking File: dropzone.blo
[19:33:01] Patcher: --- Refreshing cache for file.
[19:33:01] Patcher: Checking File: GroundMarkers.blo
[19:33:01] Patcher: --- Refreshing cache for file.
[19:33:01] Patcher: Checking File: boomballx3.lvl
[19:33:01] Patcher: --- Refreshing cache for file.
[19:33:01] Patcher: Checking File: BugHuntAliens.blo
[19:33:01] Patcher: --- Refreshing cache for file.
[19:33:02] Patcher: Checking File: f_legacy4.blo
[19:33:02] Patcher: --- Refreshing cache for file.
[19:33:02] Patcher: Checking File: headshot.lvl
[19:33:02] Patcher: --- Refreshing cache for file.
[19:33:02] Patcher: Checking File: shotgun.blo
[19:33:02] Patcher: --- Refreshing cache for file.
[19:33:02] Patcher: Checking File: fps.lvl
[19:33:02] Patcher: --- Refreshing cache for file.
[19:33:02] Patcher: Checking File: f_legacy2.blo
[19:33:02] Patcher: --- Refreshing cache for file.
[19:33:02] Patcher: Checking File: boomball_projectiles.blo
[19:33:02] Patcher: --- Refreshing cache for file.
[19:33:02] Patcher: Checking File: msl2.lvl
[19:33:02] Patcher: --- Refreshing cache for file.
[19:33:02] Patcher: Checking File: Weapons.blo
[19:33:02] Patcher: --- Refreshing cache for file.
[19:33:02] Patcher: Checking File: f_altmoon.blo
[19:33:02] Patcher: --- Refreshing cache for file.
[19:33:02] Patcher: Checking File: TheArena4.lvl
[19:33:02] Patcher: --- Refreshing cache for file.
[19:33:02] Patcher: Checking File: o_misc3.blo
[19:33:02] Patcher: --- Refreshing cache for file.
[19:33:02] Patcher: Checking File: bongs.blo
[19:33:02] Patcher: --- Refreshing cache for file.
[19:33:02] Patcher: Checking File: eolicons.blo
[19:33:02] Patcher: --- Refreshing cache for file.
[19:33:02] Patcher: Checking File: football1sm.lvl
[19:33:02] Patcher: --- Refreshing cache for file.
[19:33:02] Patcher: Checking File: Projectiles2.blo
[19:33:02] Patcher: --- Refreshing cache for file.
[19:33:02] Patcher: Checking File: ArenaRpg.blo
[19:33:02] Patcher: --- Refreshing cache for file.
[19:33:02] Patcher: Checking File: o_doors.blo
[19:33:02] Patcher: --- Refreshing cache for file.
[19:33:02] Patcher: Checking File: stadng2.lvl
[19:33:02] Patcher: --- Refreshing cache for file.
[19:33:02] Patcher: Checking File: tankarena.lvl
[19:33:02] Patcher: --- Refreshing cache for file.
[19:33:02] Patcher: Checking File: WZAlpha.lvl
[19:33:02] Patcher: --- Refreshing cache for file.
[19:33:03] Patcher: Checking File: ChaosJ.lvl
[19:33:03] Patcher: --- Refreshing cache for file.
[19:33:03] Patcher: Checking File: mflash.blo
[19:33:03] Patcher: --- Refreshing cache for file.
[19:33:03] Patcher: Checking File: ArmouredCarTurretsA.blo
[19:33:03] Patcher: --- Refreshing cache for file.
[19:33:03] Patcher: Checking File: melaschasm.lvl
[19:33:03] Patcher: --- Refreshing cache for file.
[19:33:03] Patcher: Checking File: FleetSats.blo
[19:33:03] Patcher: --- Refreshing cache for file.
[19:33:03] Patcher: Checking File: icons.blo
[19:33:03] Patcher: --- Refreshing cache for file.
[19:33:03] Patcher: Checking File: converters.blo
[19:33:03] Patcher: --- Refreshing cache for file.
[19:33:03] Patcher: Checking File: chaoseol.lvl
[19:33:03] Patcher: --- Refreshing cache for file.
[19:33:03] Patcher: Checking File: weapons5.blo
[19:33:03] Patcher: --- Refreshing cache for file.
[19:33:03] Patcher: Checking File: o_landscape2.blo
[19:33:03] Patcher: --- Refreshing cache for file.
[19:33:03] Patcher: Checking File: License.txt
[19:33:03] Patcher: --- Refreshing cache for file.
[19:33:03] Patcher: Checking File: o_eol_extra.blo
[19:33:03] Patcher: --- Refreshing cache for file.
[19:33:03] Patcher: Checking File: o_arenarpg.blo
[19:33:03] Patcher: --- Refreshing cache for file.
[19:33:03] Patcher: Checking File: zvh.lvl
[19:33:03] Patcher: --- Refreshing cache for file.
[19:33:03] Patcher: Checking File: flameprojectiles.blo
[19:33:03] Patcher: --- Refreshing cache for file.
[19:33:04] Patcher: Checking File: rpgnpc.blo
[19:33:04] Patcher: --- Refreshing cache for file.
[19:33:04] Patcher: Checking File: ljc2.lvl
[19:33:04] Patcher: --- Refreshing cache for file.
[19:33:04] Patcher: Checking File: bughuntsounds.blo
[19:33:04] Patcher: --- Refreshing cache for file.
[19:33:04] Patcher: Checking File: o_tankodrome.blo
[19:33:04] Patcher: --- Refreshing cache for file.
[19:33:04] Patcher: Checking File: o_blood.blo
[19:33:04] Patcher: --- Refreshing cache for file.
[19:33:04] Patcher: Checking File: o_onesided.blo
[19:33:04] Patcher: --- Refreshing cache for file.
[19:33:04] Patcher: Checking File: ambient.blo
[19:33:04] Patcher: --- Refreshing cache for file.
[19:33:04] Patcher: Checking File: bokr.lvl
[19:33:04] Patcher: --- Refreshing cache for file.
[19:33:04] Patcher: Checking File: rifle.blo
[19:33:04] Patcher: --- Refreshing cache for file.
[19:33:04] Patcher: Checking File: f_colors.blo
[19:33:04] Patcher: --- Refreshing cache for file.
[19:33:04] Patcher: Checking File: Kmine.blo
[19:33:04] Patcher: --- Refreshing cache for file.
[19:33:04] Patcher: Checking File: stadng3bigbl.lvl
[19:33:04] Patcher: --- Refreshing cache for file.
[19:33:04] Patcher: Checking File: Weapons3.blo
[19:33:04] Patcher: --- Refreshing cache for file.
[19:33:04] Patcher: Checking File: fleetfighters.blo
[19:33:04] Patcher: --- Refreshing cache for file.
[19:33:05] Patcher: Checking File: f_grassdirt.blo
[19:33:05] Patcher: --- Refreshing cache for file.
[19:33:05] Patcher: Checking File: weld.blo
[19:33:05] Patcher: --- Refreshing cache for file.
[19:33:05] Patcher: Checking File: o_barriers.blo
[19:33:05] Patcher: --- Refreshing cache for file.
[19:33:05] Patcher: Checking File: space.lvl
[19:33:05] Patcher: --- Refreshing cache for file.
[19:33:05] Patcher: Checking File: ambush.lvl
[19:33:05] Patcher: --- Refreshing cache for file.
[19:33:05] Patcher: Checking File: Fleet.blo
[19:33:05] Patcher: --- Refreshing cache for file.
[19:33:05] Patcher: Checking File: oldschool.lvl
[19:33:05] Patcher: --- Refreshing cache for file.
[19:33:05] Patcher: Checking File: o_igblAwards.blo
[19:33:05] Patcher: --- Refreshing cache for file.
[19:33:05] Patcher: Checking File: GravAPC.blo
[19:33:05] Patcher: --- Refreshing cache for file.
[19:33:05] Patcher: Checking File: CTFSounds.blo
[19:33:05] Patcher: --- Refreshing cache for file.
[19:33:05] Patcher: Checking File: cartoon.blo
[19:33:05] Patcher: --- Refreshing cache for file.
[19:33:05] Patcher: Checking File: kr-mslv2.lvl
[19:33:05] Patcher: --- Refreshing cache for file.
[19:33:05] Patcher: Checking File: gbbong.blo
[19:33:05] Patcher: --- Refreshing cache for file.
[19:33:05] Patcher: Checking File: ambush4.lvl
[19:33:05] Patcher: --- Refreshing cache for file.
[19:33:05] Patcher: Checking File: Trench.lvl
[19:33:05] Patcher: --- Refreshing cache for file.
[19:33:05] Patcher: Checking File: backwater.lvl
[19:33:05] Patcher: --- Refreshing cache for file.
[19:33:06] Patcher: Checking File: BHtest.lvl
[19:33:06] Patcher: --- Refreshing cache for file.
[19:33:06] Patcher: Checking File: under.lvl
[19:33:06] Patcher: --- Refreshing cache for file.
[19:33:06] Patcher: Checking File: hccaverns.lvl
[19:33:06] Patcher: --- Refreshing cache for file.
[19:33:06] Patcher: Checking File: o_mars_terrain.blo
[19:33:06] Patcher: --- Refreshing cache for file.
[19:33:06] Patcher: Checking File: loading.wav
[19:33:06] Patcher: --- Refreshing cache for file.
[19:33:06] Patcher: Checking File: ss.lvl
[19:33:06] Patcher: --- Refreshing cache for file.
[19:33:06] Patcher: Checking File: stadng.lvl
[19:33:06] Patcher: --- Refreshing cache for file.
[19:33:06] Patcher: Checking File: bulletholes.blo
[19:33:06] Patcher: --- Refreshing cache for file.
[19:33:06] Patcher: Checking File: rapier.blo
[19:33:06] Patcher: --- Refreshing cache for file.
[19:33:06] Patcher: Checking File: uiart.blo
[19:33:06] Patcher: --- Refreshing cache for file.
[19:33:06] Patcher: Checking File: o_NewBB.blo
[19:33:06] Patcher: --- Refreshing cache for file.
[19:33:06] Patcher: Checking File: eoltest.lvl
[19:33:06] Patcher: --- Refreshing cache for file.
[19:33:06] Patcher: Checking File: f_patterns.blo
[19:33:06] Patcher: --- Refreshing cache for file.
[19:33:06] Patcher: Checking File: spTourneyMap.lvl
[19:33:06] Patcher: --- Refreshing cache for file.
[19:33:06] Patcher: Checking File: o_tanks.blo
[19:33:06] Patcher: --- Refreshing cache for file.
[19:33:06] Patcher: Checking File: f_tankarena.blo
[19:33:06] Patcher: --- Refreshing cache for file.
[19:33:06] Patcher: Checking File: KShrap.blo
[19:33:06] Patcher: --- Refreshing cache for file.
[19:33:06] Patcher: Checking File: fleetcapships2.blo
[19:33:06] Patcher: --- Refreshing cache for file.
[19:33:07] Patcher: Checking File: mvlsoccer.lvl
[19:33:07] Patcher: --- Refreshing cache for file.
[19:33:07] Patcher: Checking File: f_bbfloors.blo
[19:33:07] Patcher: --- Refreshing cache for file.
[19:33:07] Patcher: Checking File: Structures.blo
[19:33:07] Patcher: --- Refreshing cache for file.
[19:33:07] Patcher: Checking File: cavernSL.lvl
[19:33:07] Patcher: --- Refreshing cache for file.
[19:33:07] Patcher: Checking File: vehicles4.blo
[19:33:07] Patcher: --- Refreshing cache for file.
[19:33:07] Patcher: Checking File: bounce.blo
[19:33:07] Patcher: --- Refreshing cache for file.
[19:33:07] Patcher: Checking File: hcbokr.lvl
[19:33:07] Patcher: --- Refreshing cache for file.
[19:33:07] Patcher: Checking File: release.txt
[19:33:07] Patcher: --- Refreshing cache for file.
[19:33:07] Patcher: Checking File: skboardingaction.lvl
[19:33:07] Patcher: --- Refreshing cache for file.
[19:33:07] Patcher: Checking File: hzbongs.blo
[19:33:07] Patcher: --- Refreshing cache for file.
[19:33:07] Patcher: Checking File: Duel.lvl
[19:33:07] Patcher: --- Refreshing cache for file.
[19:33:07] Patcher: Checking File: Plasma.blo
[19:33:07] Patcher: --- Refreshing cache for file.
[19:33:07] Patcher: Checking File: stadng3c.lvl
[19:33:07] Patcher: --- Refreshing cache for file.
[19:33:07] Patcher: Checking File: Racing.blo
[19:33:07] Patcher: --- Refreshing cache for file.
[19:33:07] Patcher: Checking File: eolwza.lvl
[19:33:07] Patcher: --- Refreshing cache for file.
[19:33:08] Patcher: Checking File: FleetTest.lvl
[19:33:08] Patcher: --- Refreshing cache for file.
[19:33:08] Patcher: Checking File: f_legacy3.blo
[19:33:08] Patcher: --- Refreshing cache for file.
[19:33:08] Patcher: Checking File: stadng3b.lvl
[19:33:08] Patcher: --- Refreshing cache for file.
[19:33:08] Patcher: Checking File: updownarrows.blo
[19:33:08] Patcher: --- Refreshing cache for file.
[19:33:08] Patcher: Checking File: BoomBall.blo
[19:33:08] Patcher: --- Refreshing cache for file.
[19:33:08] Patcher: Checking File: WalkerLargeA.blo
[19:33:08] Patcher: --- Refreshing cache for file.
[19:33:08] Patcher: Checking File: turrets.blo
[19:33:08] Patcher: --- Refreshing cache for file.
[19:33:08] Patcher: Checking File: f_default.blo
[19:33:08] Patcher: --- Refreshing cache for file.
[19:33:08] Patcher: Checking File: f_test.blo
[19:33:08] Patcher: --- Refreshing cache for file.
[19:33:08] Patcher: Checking File: ljc.blo
[19:33:08] Patcher: --- Refreshing cache for file.
[19:33:08] Patcher: Checking File: eolbugs.blo
[19:33:08] Patcher: --- Refreshing cache for file.
[19:33:08] Patcher: Checking File: f_noradar.blo
[19:33:08] Patcher: --- Refreshing cache for file.
[19:33:08] Patcher: Checking File: o_lights.blo
[19:33:08] Patcher: --- Refreshing cache for file.
[19:33:08] Patcher: Checking File: bughuntobjects.blo
[19:33:08] Patcher: --- Refreshing cache for file.
[19:33:08] Patcher: Checking File: emotes.blo
[19:33:08] Patcher: --- Refreshing cache for file.
[19:33:08] Patcher: Checking File: o_effects.blo
[19:33:08] Patcher: --- Refreshing cache for file.
[19:33:08] Patcher: Checking File: Blood.blo
[19:33:08] Patcher: --- Refreshing cache for file.
[19:33:08] Patcher: Checking File: Plasma3.blo
[19:33:08] Patcher: --- Refreshing cache for file.
[19:33:08] Patcher: Checking File: weapons4.blo
[19:33:08] Patcher: --- Refreshing cache for file.
[19:33:09] Patcher: Checking File: transport2.lvl
[19:33:09] Patcher: --- Refreshing cache for file.
[19:33:09] Patcher: Checking File: landnaut.blo
[19:33:09] Patcher: --- Refreshing cache for file.
[19:33:09] Patcher: Checking File: rave.blo
[19:33:09] Patcher: --- Refreshing cache for file.
[19:33:09] Patcher: Checking File: serunac.lvl
[19:33:09] Patcher: --- Refreshing cache for file.
[19:33:09] Patcher: Checking File: uiwav.blo
[19:33:09] Patcher: --- Refreshing cache for file.
[19:33:09] Patcher: Checking File: VehicleSounds.blo
[19:33:09] Patcher: --- Refreshing cache for file.
[19:33:09] Patcher: Checking File: ambush2.lvl
[19:33:09] Patcher: --- Refreshing cache for file.
[19:33:09] Patcher: Checking File: MuzzleFlashes.blo
[19:33:09] Patcher: --- Refreshing cache for file.
[19:33:09] Patcher: Checking File: KIncin.blo
[19:33:09] Patcher: --- Refreshing cache for file.
[19:33:09] Patcher: Checking File: asteroid.lvl
[19:33:09] Patcher: --- Refreshing cache for file.
[19:33:09] Patcher: Checking File: mayhem.lvl
[19:33:09] Patcher: --- Refreshing cache for file.
[19:33:09] Patcher: Checking File: testdiag.blo
[19:33:09] Patcher: --- Refreshing cache for file.
[19:33:09] Patcher: Checking File: Door.blo
[19:33:09] Patcher: --- Refreshing cache for file.
[19:33:09] Patcher: Checking File: f_sand.blo
[19:33:09] Patcher: --- Refreshing cache for file.
[19:33:09] Patcher: Checking File: ArmouredCarA.blo
[19:33:09] Patcher: --- Refreshing cache for file.
[19:33:10] Patcher: Checking File: o_bodypart.blo
[19:33:10] Patcher: --- Refreshing cache for file.
[19:33:10] Patcher: Checking File: robo.blo
[19:33:10] Patcher: --- Refreshing cache for file.
[19:33:10] Patcher: Checking File: KPlume.blo
[19:33:10] Patcher: --- Refreshing cache for file.
[19:33:10] Patcher: Checking File: titanrally2k1.lvl
[19:33:10] Patcher: --- Refreshing cache for file.
[19:33:10] Patcher: Checking File: victorymusic.blo
[19:33:10] Patcher: --- Refreshing cache for file.
[19:33:10] Patcher: Checking File: mships.blo
[19:33:10] Patcher: --- Refreshing cache for file.
[19:33:10] Patcher: Checking File: ctf.blo
[19:33:10] Patcher: --- Refreshing cache for file.
[19:33:10] Patcher: Checking File: subships.blo
[19:33:10] Patcher: --- Refreshing cache for file.
[19:33:10] Patcher: Checking File: o_icons.blo
[19:33:10] Patcher: --- Refreshing cache for file.
[19:33:10] Patcher: Checking File: eol_extra.blo
[19:33:10] Patcher: --- Refreshing cache for file.
[19:33:10] Patcher: Checking File: f_lzafloors.blo
[19:33:10] Patcher: --- Refreshing cache for file.
[19:33:10] Patcher: Checking File: soccermockup.blo
[19:33:10] Patcher: --- Refreshing cache for file.
[19:33:10] Patcher: Checking File: o_atlas.blo
[19:33:10] Patcher: --- Refreshing cache for file.
[19:33:10] Patcher: Checking File: o_eolenvironment.blo
[19:33:10] Patcher: --- Refreshing cache for file.
[19:33:11] Patcher: Checking File: victorycity.lvl
[19:33:11] Patcher: --- Refreshing cache for file.
[19:33:11] Patcher: Checking File: pdb.blo
[19:33:11] Patcher: --- Refreshing cache for file.
[19:33:11] Patcher: Checking File: TheArena2.lvl
[19:33:11] Patcher: --- Refreshing cache for file.
[19:33:11] Patcher: Checking File: msl.lvl
[19:33:11] Patcher: --- Refreshing cache for file.
[19:33:11] Patcher: Checking File: Effects2.blo
[19:33:11] Patcher: --- Refreshing cache for file.
[19:33:11] Patcher: Checking File: msl-kr.lvl
[19:33:11] Patcher: --- Refreshing cache for file.
[19:33:11] Patcher: Checking File: gaswhoosh.blo
[19:33:11] Patcher: --- Refreshing cache for file.
[19:33:11] Patcher: Checking File: o_logBanner.blo
[19:33:11] Patcher: --- Refreshing cache for file.
[19:33:11] Patcher: Checking File: o_floormarks.blo
[19:33:11] Patcher: --- Refreshing cache for file.
[19:33:11] Patcher: Checking File: o_spaceship.blo
[19:33:11] Patcher: --- Refreshing cache for file.
[19:33:11] Patcher: Checking File: soccermockup.lvl
[19:33:11] Patcher: --- Refreshing cache for file.
[19:33:11] Patcher: Checking File: blocks.blo
[19:33:11] Patcher: --- Refreshing cache for file.
[19:33:11] Patcher: Checking File: o_cliffTerrain.blo
[19:33:11] Patcher: --- Refreshing cache for file.
[19:33:12] Patcher: Checking File: commvoices.blo
[19:33:12] Patcher: --- Refreshing cache for file.
[19:33:12] Patcher: Checking File: eolobjectives.blo
[19:33:12] Patcher: --- Refreshing cache for file.
[19:33:12] Patcher: Checking File: Rhino.blo
[19:33:12] Patcher: --- Refreshing cache for file.
[19:33:12] Patcher: Checking File: ec2.lvl
[19:33:12] Patcher: --- Refreshing cache for file.
[19:33:12] Patcher: Checking File: trenchskirmish.lvl
[19:33:12] Patcher: --- Refreshing cache for file.
[19:33:12] Patcher: Checking File: KillingFields.lvl
[19:33:12] Patcher: --- Refreshing cache for file.
[19:33:12] Patcher: Checking File: desertnml.lvl
[19:33:12] Patcher: --- Refreshing cache for file.
[19:33:12] Patcher: Checking File: BugHuntManVehs.blo
[19:33:12] Patcher: --- Refreshing cache for file.
[19:33:12] Patcher: Checking File: titanrallyw.lvl
[19:33:12] Patcher: --- Refreshing cache for file.
[19:33:12] Patcher: Checking File: elecarc.blo
[19:33:12] Patcher: --- Refreshing cache for file.
[19:33:12] Patcher: Checking File: trenchskirmish3.lvl
[19:33:12] Patcher: --- Refreshing cache for file.
[19:33:12] Patcher: Checking File: hcpleasantvalley.lvl
[19:33:12] Patcher: --- Refreshing cache for file.
[19:33:13] Patcher: Checking File: msl-pv.lvl
[19:33:13] Patcher: --- Refreshing cache for file.
[19:33:13] Patcher: Checking File: galland.lvl
[19:33:13] Patcher: --- Refreshing cache for file.
[19:33:13] Patcher: Checking File: effects3.blo
[19:33:13] Patcher: --- Refreshing cache for file.
[19:33:13] Patcher: Checking File: o_BoomBallArena.blo
[19:33:13] Patcher: --- Refreshing cache for file.
[19:33:13] Patcher: Checking File: promotion.blo
[19:33:13] Patcher: --- Refreshing cache for file.
[19:33:13] Patcher: Checking File: soccerbrawl.lvl
[19:33:13] Patcher: --- Refreshing cache for file.
[19:33:13] Patcher: Checking File: o_lights2.blo
[19:33:13] Patcher: --- Refreshing cache for file.
[19:33:13] Patcher: Checking File: infantry.exe
[19:33:13] Patcher: --- Refreshing cache for file.
[19:33:13] Patcher: Checking File: f_asphalt.blo
[19:33:13] Patcher: --- Refreshing cache for file.
[19:33:13] Patcher: Checking File: keys.blo
[19:33:13] Patcher: --- Refreshing cache for file.
[19:33:13] Patcher: Checking File: Death.lvl
[19:33:13] Patcher: --- Refreshing cache for file.
[19:33:13] Patcher: Checking File: f_legacy5.blo
[19:33:13] Patcher: --- Refreshing cache for file.
[19:33:13] Patcher: Checking File: Levi.blo
[19:33:13] Patcher: --- Refreshing cache for file.
[19:33:13] Patcher: Checking File: TheArena.lvl
[19:33:13] Patcher: --- Refreshing cache for file.
[19:33:13] Patcher: Checking File: footy.blo
[19:33:13] Patcher: --- Refreshing cache for file.
[19:33:13] Patcher: Checking File: titan.lvl
[19:33:13] Patcher: --- Refreshing cache for file.
[19:33:14] Patcher: Checking File: hockey.lvl
[19:33:14] Patcher: --- Refreshing cache for file.
[19:33:14] Patcher: Checking File: KProjectiles.blo
[19:33:14] Patcher: --- Refreshing cache for file.
[19:33:14] Patcher: Checking File: craft.blo
[19:33:14] Patcher: --- Refreshing cache for file.
[19:33:14] Patcher: Checking File: GunshipA.blo
[19:33:14] Patcher: --- Refreshing cache for file.
[19:33:14] Patcher: Checking File: BoomBall.lvl
[19:33:14] Patcher: --- Refreshing cache for file.
[19:33:14] Patcher: Checking File: ccstrain.lvl
[19:33:14] Patcher: --- Refreshing cache for file.
[19:33:14] Patcher: Checking File: o_vehicles2.blo
[19:33:14] Patcher: --- Refreshing cache for file.
[19:33:14] Patcher: Checking File: chaoscaverns.lvl
[19:33:14] Patcher: --- Refreshing cache for file.
[19:33:14] Patcher: Checking File: groundcontrol.lvl
[19:33:14] Patcher: --- Refreshing cache for file.
[19:33:15] Patcher: Checking File: PingRoute.exe
[19:33:15] Patcher: --- Refreshing cache for file.
[19:33:15] Patcher: Checking File: ambush3.lvl
[19:33:15] Patcher: --- Refreshing cache for file.
[19:33:15] Patcher: Checking File: hctracers.blo
[19:33:15] Patcher: --- Refreshing cache for file.
[19:33:15] Patcher: Checking File: f_carpet.blo
[19:33:15] Patcher: --- Refreshing cache for file.
[19:33:15] Patcher: Checking File: sl.lvl
[19:33:15] Patcher: --- Refreshing cache for file.
[19:33:16] Patcher: Checking File: assault.lvl
[19:33:16] Patcher: --- Refreshing cache for file.
[19:33:16] Patcher: Checking File: o_elevator.blo
[19:33:16] Patcher: --- Refreshing cache for file.
[19:33:16] Patcher: Checking File: o_lights3.blo
[19:33:16] Patcher: --- Refreshing cache for file.
[19:33:16] Patcher: Checking File: o_spacehull.blo
[19:33:16] Patcher: --- Refreshing cache for file.
[19:33:16] Patcher: Checking File: atlas.blo
[19:33:16] Patcher: --- Refreshing cache for file.
[19:33:17] Patcher: Checking File: KTNT.blo
[19:33:17] Patcher: --- Refreshing cache for file.
[19:33:17] Patcher: Checking File: alphatango.lvl
[19:33:17] Patcher: --- Refreshing cache for file.
[19:33:17] Patcher: Checking File: fleetsounds.blo
[19:33:17] Patcher: --- Refreshing cache for file.
[19:33:17] Patcher: Checking File: Mech.blo
[19:33:17] Patcher: --- Refreshing cache for file.
[19:33:17] Patcher: Checking File: BoomBallx.lvl
[19:33:17] Patcher: --- Refreshing cache for file.
[19:33:17] Patcher: Checking File: bar.lvl
[19:33:17] Patcher: --- Refreshing cache for file.
[19:33:17] Patcher: Checking File: gb-w.lvl
[19:33:17] Patcher: --- Refreshing cache for file.
[19:33:17] Patcher: Checking File: boardingaction.lvl
[19:33:17] Patcher: --- Refreshing cache for file.
[19:33:17] Patcher: Checking File: o_space.blo
[19:33:17] Patcher: --- Refreshing cache for file.
[19:33:17] Patcher: Checking File: o_heavyturret.blo
[19:33:17] Patcher: --- Refreshing cache for file.
[19:33:17] Patcher: Checking File: o_gg.blo
[19:33:17] Patcher: --- Refreshing cache for file.
[19:33:17] Patcher: Checking File: pleasantvalley.lvl
[19:33:17] Patcher: --- Refreshing cache for file.
[19:33:18] Patcher: Checking File: walker.blo
[19:33:18] Patcher: --- Refreshing cache for file.
[19:33:18] Patcher: Checking File: 4space.lvl
[19:33:18] Patcher: --- Refreshing cache for file.
[19:33:18] Patcher: Checking File: bmctf.lvl
[19:33:18] Patcher: --- Refreshing cache for file.
[19:33:18] Patcher: Checking File: o_walls.blo
[19:33:18] Patcher: --- Refreshing cache for file.
[19:33:18] Patcher: Checking File: coronet.blo
[19:33:18] Patcher: --- Refreshing cache for file.
[19:33:18] Patcher: Checking File: skirmish2.lvl
[19:33:18] Patcher: --- Refreshing cache for file.
[19:33:18] Patcher: Checking File: dollar.blo
[19:33:18] Patcher: --- Refreshing cache for file.
[19:33:18] Patcher: Checking File: newfleetsats.blo
[19:33:18] Patcher: --- Refreshing cache for file.
[19:33:18] Patcher: Checking File: hcboardingaction.lvl
[19:33:18] Patcher: --- Refreshing cache for file.
[19:33:18] Patcher: Checking File: skassault.lvl
[19:33:18] Patcher: --- Refreshing cache for file.
[19:33:18] Patcher: Checking File: planet.blo
[19:33:18] Patcher: --- Refreshing cache for file.
[19:33:18] Patcher: Checking File: boomballx2.lvl
[19:33:18] Patcher: --- Refreshing cache for file.
[19:33:18] Patcher: Checking File: o_misc.blo
[19:33:18] Patcher: --- Refreshing cache for file.
[19:33:18] Patcher: Checking File: o_largeCrates.blo
[19:33:18] Patcher: --- Refreshing cache for file.
[19:33:18] Patcher: Checking File: o_asteroids.blo
[19:33:18] Patcher: --- Refreshing cache for file.
[19:33:18] Patcher: Checking File: Underwater.lvl
[19:33:18] Patcher: --- Refreshing cache for file.
[19:33:18] Patcher: Checking File: gorybitz.blo
[19:33:18] Patcher: --- Refreshing cache for file.
[19:33:18] Patcher: Checking File: o_landscape.blo
[19:33:18] Patcher: --- Refreshing cache for file.
[19:33:18] Patcher: Checking File: stadngrev.lvl
[19:33:18] Patcher: --- Refreshing cache for file.
[19:33:19] Patcher: Checking File: o_misc2.blo
[19:33:19] Patcher: --- Refreshing cache for file.
[19:33:19] Patcher: Checking File: ManSounds.blo
[19:33:19] Patcher: --- Refreshing cache for file.
[19:33:19] Patcher: Checking File: o_screens.blo
[19:33:19] Patcher: --- Refreshing cache for file.
[19:33:19] Patcher: Checking File: cvf.lvl
[19:33:19] Patcher: --- Refreshing cache for file.
[19:33:19] Patcher: Checking File: TitanRally.blo
[19:33:19] Patcher: --- Refreshing cache for file.
[19:33:19] Patcher: Checking File: TitanRally2.lvl
[19:33:19] Patcher: --- Refreshing cache for file.
[19:33:19] Patcher: Checking File: man.blo
[19:33:19] Patcher: --- Refreshing cache for file.
[19:33:19] Patcher: Checking File: f_legacy.blo
[19:33:19] Patcher: --- Refreshing cache for file.
[19:33:19] Patcher: Checking File: eolenvironment.blo
[19:33:19] Patcher: --- Refreshing cache for file.
[19:33:19] Patcher: Checking File: harrier.blo
[19:33:19] Patcher: --- Refreshing cache for file.
[19:33:20] Patcher: Checking File: ravager.blo
[19:33:20] Patcher: --- Refreshing cache for file.
[19:33:20] Patcher: Checking File: f_concrete.blo
[19:33:20] Patcher: --- Refreshing cache for file.
[19:33:20] Patcher: Checking File: gravball-w.lvl
[19:33:20] Patcher: --- Refreshing cache for file.
[19:33:20] Patcher: Checking File: Fleet.lvl
[19:33:20] Patcher: --- Refreshing cache for file.
[19:33:20] Patcher: Checking File: football1.lvl
[19:33:20] Patcher: --- Refreshing cache for file.
[19:33:20] Patcher: Checking File: flag.blo
[19:33:20] Patcher: --- Refreshing cache for file.
[19:33:20] Patcher: Checking File: ambient3.blo
[19:33:20] Patcher: --- Refreshing cache for file.
[19:33:20] Patcher: Checking File: Alien2.blo
[19:33:20] Patcher: --- Refreshing cache for file.
[19:33:20] Patcher: Checking File: o_mapfont.blo
[19:33:20] Patcher: --- Refreshing cache for file.
[19:33:20] Patcher: Checking File: bulletsplash.blo
[19:33:20] Patcher: --- Refreshing cache for file.
[19:33:20] Patcher: Checking File: o_furniture.blo
[19:33:20] Patcher: --- Refreshing cache for file.
[19:33:21] Patcher: Checking File: cavernskirmish.lvl
[19:33:21] Patcher: --- Refreshing cache for file.
[19:33:21] Patcher: Checking File: HPoint.lvl
[19:33:21] Patcher: --- Refreshing cache for file.
[19:33:21] Patcher: Checking File: bunkers.blo
[19:33:21] Patcher: --- Refreshing cache for file.
[19:33:21] Patcher: Checking File: mordred.blo
[19:33:21] Patcher: --- Refreshing cache for file.
[19:33:21] Patcher: Checking File: explosions.blo
[19:33:21] Patcher: --- Refreshing cache for file.
[19:33:21] Patcher: Checking File: doors.blo
[19:33:21] Patcher: --- Refreshing cache for file.
[19:33:21] Patcher: Checking File: javelin.blo
[19:33:21] Patcher: --- Refreshing cache for file.
[19:33:21] Patcher: Checking File: krskirmish2.lvl
[19:33:21] Patcher: --- Refreshing cache for file.
[19:33:21] Patcher: Checking File: lock.blo
[19:33:21] Patcher: --- Refreshing cache for file.
[19:33:21] Patcher: Checking File: Excelsior.blo
[19:33:21] Patcher: --- Refreshing cache for file.
[19:33:21] Patcher: Checking File: o_stadium.blo
[19:33:21] Patcher: --- Refreshing cache for file.
[19:33:21] Patcher: Checking File: hcboardingaction2.lvl
[19:33:21] Patcher: --- Refreshing cache for file.
[19:33:21] Patcher: Checking File: o_pipes.blo
[19:33:21] Patcher: --- Refreshing cache for file.
[19:33:21] Patcher: Checking File: hockey.blo
[19:33:21] Patcher: --- Refreshing cache for file.
[19:33:21] Patcher: Checking File: TitanRally.lvl
[19:33:21] Patcher: --- Refreshing cache for file.
[19:33:22] Patcher: Checking File: debris.blo
[19:33:22] Patcher: --- Refreshing cache for file.
[19:33:22] Patcher: Checking File: o_doors2.blo
[19:33:22] Patcher: --- Refreshing cache for file.
[19:33:22] Patcher: Checking File: Weblinks.txt
[19:33:22] Patcher: --- Refreshing cache for file.
[19:33:22] Patcher: Checking File: eolautogun.blo
[19:33:22] Patcher: --- Refreshing cache for file.
[19:33:22] Patcher: Checking File: king.blo
[19:33:22] Patcher: --- Refreshing cache for file.
[19:33:22] Patcher: Checking File: o_furniture2.blo
[19:33:22] Patcher: --- Refreshing cache for file.
[19:33:22] Patcher: Checking File: stadng3d.lvl
[19:33:22] Patcher: --- Refreshing cache for file.
[19:33:22] Patcher: Checking File: o_firtrees.blo
[19:33:22] Patcher: --- Refreshing cache for file.
[19:33:22] Patcher: Checking File: gg.blo
[19:33:22] Patcher: --- Refreshing cache for file.
[19:33:22] Patcher: Checking File: test.blo
[19:33:22] Patcher: --- Refreshing cache for file.
[19:33:22] Patcher: Checking File: EliteCTF.lvl
[19:33:22] Patcher: --- Refreshing cache for file.
[19:33:22] Patcher: Checking File: LVNA.blo
[19:33:22] Patcher: --- Refreshing cache for file.
[19:33:22] Patcher: Checking File: o_corpse.blo
[19:33:22] Patcher: --- Refreshing cache for file.
[19:33:22] Patcher: Checking File: CallistoC.lvl
[19:33:22] Patcher: --- Refreshing cache for file.
[19:33:22] Patcher: Checking File: harun.lvl
[19:33:22] Patcher: --- Refreshing cache for file.
[19:33:23] Patcher: Checking File: medal.blo
[19:33:23] Patcher: --- Refreshing cache for file.
[19:33:23] Patcher: Checking File: f_metal.blo
[19:33:23] Patcher: --- Refreshing cache for file.
[19:33:23] Patcher: Checking File: ExcelsiorTop.blo
[19:33:23] Patcher: --- Refreshing cache for file.
[19:33:23] Patcher: Checking File: wotw.lvl
[19:33:23] Patcher: --- Refreshing cache for file.
[19:33:23] Patcher: Checking File: Vehicles.blo
[19:33:23] Patcher: --- Refreshing cache for file.
[19:33:23] Patcher: Checking File: corpse.blo
[19:33:23] Patcher: --- Refreshing cache for file.
[19:33:23] Patcher: Checking File: wotw.blo
[19:33:23] Patcher: --- Refreshing cache for file.
[19:33:23] Patcher: Checking File: boomballsounds.blo
[19:33:23] Patcher: --- Refreshing cache for file.
[19:33:23] Patcher: Checking File: kliest.lvl
[19:33:23] Patcher: --- Refreshing cache for file.
[19:33:23] Patcher: Checking File: crystal.blo
[19:33:23] Patcher: --- Refreshing cache for file.
[19:33:23] Patcher: Checking File: beta.lvl
[19:33:23] Patcher: --- Refreshing cache for file.
[19:33:23] Patcher: Checking File: f_mars.blo
[19:33:23] Patcher: --- Refreshing cache for file.
[19:33:23] Patcher: Checking File: boomballtest.lvl
[19:33:23] Patcher: --- Refreshing cache for file.
[19:33:23] Patcher: Checking File: meleeweapons.blo
[19:33:23] Patcher: --- Refreshing cache for file.
[19:33:23] Patcher: Checking File: f_mars_terrain.blo
[19:33:23] Patcher: --- Refreshing cache for file.
[19:33:24] Patcher: Checking File: fleetcapships.blo
[19:33:24] Patcher: --- Refreshing cache for file.
[19:33:24] Patcher: Checking File: WalkerSounds.blo
[19:33:24] Patcher: --- Refreshing cache for file.
[19:33:24] Patcher: Checking File: heavyturret.blo
[19:33:24] Patcher: --- Refreshing cache for file.
[19:33:24] Patcher: Checking File: sl_lavapit.lvl
[19:33:24] Patcher: --- Refreshing cache for file.
[19:33:24] Patcher: Checking File: skpleasantvalley.lvl
[19:33:24] Patcher: --- Refreshing cache for file.
[19:33:24] Patcher: Checking File: o_medal.blo
[19:33:24] Patcher: --- Refreshing cache for file.
[19:33:24] Patcher: Checking File: voice.blo
[19:33:24] Patcher: --- Refreshing cache for file.
[19:33:24] Patcher: Checking File: civflags.blo
[19:33:24] Patcher: --- Refreshing cache for file.
[19:33:24] Patcher: Checking File: fleeteffects.blo
[19:33:24] Patcher: --- Refreshing cache for file.
[19:33:24] Patcher: Checking File: thumbinv.blo
[19:33:24] Patcher: --- Refreshing cache for file.
[19:33:24] Patcher: Checking File: ambient2.blo
[19:33:24] Patcher: --- Refreshing cache for file.
[19:33:25] Patcher: Checking File: eolcrater.lvl
[19:33:25] Patcher: --- Refreshing cache for file.
[19:33:25] Patcher: Checking File: Man2.blo
[19:33:25] Patcher: --- Refreshing cache for file.
[19:33:25] Patcher: Checking File: shuttle.blo
[19:33:25] Patcher: --- Refreshing cache for file.
[19:33:25] Patcher: Checking File: Vehicles2.blo
[19:33:25] Patcher: --- Refreshing cache for file.
[19:33:25] Patcher: Checking File: titanrallyw-1.lvl
[19:33:25] Patcher: --- Refreshing cache for file.
[19:33:25] Patcher: Checking File: eolcrater1.lvl
[19:33:25] Patcher: --- Refreshing cache for file.
[19:33:26] Patcher: Checking File: o_mars.blo
[19:33:26] Patcher: --- Refreshing cache for file.
[19:33:26] Patcher: Checking File: kf.lvl
[19:33:26] Patcher: --- Refreshing cache for file.
[19:33:26] Patcher: Checking File: Fleet2.blo
[19:33:26] Patcher: --- Refreshing cache for file.
[19:33:26] Patcher: Checking File: o_shuttle.blo
[19:33:26] Patcher: --- Refreshing cache for file.
[19:33:26] Patcher: Checking File: BodyPart.blo
[19:33:26] Patcher: --- Refreshing cache for file.
[19:33:26] Patcher: Checking File: pistol.blo
[19:33:26] Patcher: --- Refreshing cache for file.
[19:33:26] Patcher: Checking File: o_crates.blo
[19:33:26] Patcher: --- Refreshing cache for file.
[19:33:26] Patcher: Checking File: trident.blo
[19:33:26] Patcher: --- Refreshing cache for file.
[19:33:26] Patcher: Checking File: ljc.lvl
[19:33:26] Patcher: --- Refreshing cache for file.
[19:33:26] Patcher: Checking File: hctwinpeak.lvl
[19:33:26] Patcher: --- Refreshing cache for file.
[19:33:26] Patcher: Checking File: o_mech.blo
[19:33:26] Patcher: --- Refreshing cache for file.
[19:33:27] Patcher: Checking File: subsounds.blo
[19:33:27] Patcher: --- Refreshing cache for file.
[19:33:27] Patcher: Checking File: KWhistle.blo
[19:33:27] Patcher: --- Refreshing cache for file.
[19:33:27] Patcher: Checking File: RacingCar.blo
[19:33:27] Patcher: --- Refreshing cache for file.
[19:33:27] Patcher: Checking File: avr.lvl
[19:33:27] Patcher: --- Refreshing cache for file.
[19:33:27] Patcher: Checking File: eolmanveh.blo
[19:33:27] Patcher: --- Refreshing cache for file.
[19:33:27] Patcher: Checking File: energyexplosions.blo
[19:33:27] Patcher: --- Refreshing cache for file.
[19:33:27] Patcher: Checking File: f_natural.blo
[19:33:27] Patcher: --- Refreshing cache for file.
[19:33:27] Patcher: Checking File: scooter.blo
[19:33:27] Patcher: --- Refreshing cache for file.
[19:33:27] Patcher: Checking File: ChaosBas.lvl
[19:33:27] Patcher: --- Refreshing cache for file.
[19:33:27] Patcher: Checking File: trenchskirmish2.lvl
[19:33:27] Patcher: --- Refreshing cache for file.
[19:33:27] Patcher: Checking File: igblallstarweek.lvl
[19:33:27] Patcher: --- Refreshing cache for file.
[19:33:27] Patcher: Checking File: Twinpeak.lvl
[19:33:27] Patcher: --- Refreshing cache for file.
[19:33:27] Patcher: Checking File: explosions2.blo
[19:33:27] Patcher: --- Refreshing cache for file.
[19:33:28] Patcher: Checking File: soccer.blo
[19:33:28] Patcher: --- Refreshing cache for file.
[19:33:28] Patcher: Checking File: alien.blo
[19:33:28] Patcher: --- Refreshing cache for file.
[19:33:28] Patcher: Checking File: powerball.blo
[19:33:28] Patcher: --- Refreshing cache for file.
[19:33:28] Patcher: Checking File: f_special.blo
[19:33:28] Patcher: --- Refreshing cache for file.
[19:33:28] Patcher: Checking File: f_rock.blo
[19:33:28] Patcher: --- Refreshing cache for file.
[19:33:28] Patcher: Checking File: smallmanvehicle.blo
[19:33:28] Patcher: --- Refreshing cache for file.
[19:33:28] Patcher: Checking File: o_NML.lvb.blo
[19:33:28] Patcher: --- Refreshing cache for file.
[19:33:29] Patcher: Checking File: sMolotov.blo
[19:33:29] Patcher: --- Refreshing cache for file.
[19:33:29] Patcher: Checking File: DeathValley.lvl
[19:33:29] Patcher: --- Refreshing cache for file.
[19:33:29] Patcher: Checking File: USLAmbient.blo
[19:33:29] Patcher: --- Refreshing cache for file.
[19:33:29] Patcher: Checking File: o_Structures.blo
[19:33:29] Patcher: --- Refreshing cache for file.
[19:33:29] Patcher: Checking File: Moontest.lvl
[19:33:29] Patcher: --- Refreshing cache for file.
[19:33:29] Patcher: Checking File: wall32.blo
[19:33:29] Patcher: --- Refreshing cache for file.
[19:33:29] Patcher: Checking File: bhevent.lvl
[19:33:29] Patcher: --- Refreshing cache for file.
[19:33:29] Patcher: Checking File: bhmapfin2.lvl
[19:33:29] Patcher: --- Refreshing cache for file.
[19:33:29] Patcher: Checking File: ec2[Event].lvl
[19:33:29] Patcher: --- Refreshing cache for file.
[19:33:29] Patcher: Checking File: EliteCTF2.lvl
[19:33:29] Patcher: --- Refreshing cache for file.
[19:33:29] Patcher: Checking File: bunk32.blo
[19:33:29] Patcher: --- Refreshing cache for file.
[19:33:29] Patcher: Checking File: indoor_soccer.lvl
[19:33:29] Patcher: --- Refreshing cache for file.
[19:33:29] Patcher: Checking File: SL2.lvl
[19:33:29] Patcher: --- Refreshing cache for file.
[19:33:29] Patcher: Checking File: USLZombies.blo
[19:33:29] Patcher: --- Refreshing cache for file.
[19:33:29] Patcher: Scanning Distribution Main Distribution ------------------
[19:33:39] Log Session Closed
